<?xml version="1.0" encoding="UTF-8"?>
<!-- Generated by org.testng.reporters.JUnitReportReporter -->
<testsuite hostname="IN-PG02NMEB" failures="0" tests="2" name="Academy.HomePage" time="12.888" errors="0" timestamp="2023-04-17T15:00:31 IST" skipped="0">
  <testcase classname="Academy.HomePage" name="basePageNavigation" time="1.282"/>
  <system-out/>
  <testcase classname="Academy.HomePage" name="basePageNavigation" time="11.606"/>
  <system-out/>
</testsuite> <!-- Academy.HomePage -->
